<?xml version="1.0" encoding="UTF-8"?>
<testsuite name="com.example.gyudogi.LastTest" tests="1" skipped="0" failures="0" errors="0" timestamp="2023-11-21T05:53:59" hostname="gimgichan-ui-MacBookAir.local" time="0.016">
  <properties/>
  <testcase name="testRobotMovement()" classname="com.example.gyudogi.LastTest" time="0.016"/>
  <system-out><![CDATA[7
X: 3, Y: 5, Direction: N, ColorBlobSensor: colorBlob: 2,5 X colorBlob: 4,5 X colorBlob: 3,4 X colorBlob: 3,6 X , HazardSensor: , Arrived: No
X: 3, Y: 5, Direction: E, ColorBlobSensor: colorBlob: 2,5 X colorBlob: 4,5 X colorBlob: 3,4 X colorBlob: 3,6 X , HazardSensor: , Arrived: No
X: 3, Y: 5, Direction: S, ColorBlobSensor: colorBlob: 2,5 X colorBlob: 4,5 X colorBlob: 3,4 X colorBlob: 3,6 X , HazardSensor: , Arrived: No
X: 3, Y: 4, Direction: S, ColorBlobSensor: colorBlob: 2,4 X colorBlob: 4,4 X colorBlob: 3,3 X colorBlob: 3,5 X , HazardSensor: 3,3, Arrived: No
X: 3, Y: 4, Direction: W, ColorBlobSensor: colorBlob: 2,4 X colorBlob: 4,4 X colorBlob: 3,3 X colorBlob: 3,5 X , HazardSensor: , Arrived: No
X: 2, Y: 4, Direction: W, ColorBlobSensor: colorBlob: 1,4 X colorBlob: 3,4 X colorBlob: 2,3 X colorBlob: 2,5 X , HazardSensor: , Arrived: No
X: 2, Y: 4, Direction: N, ColorBlobSensor: colorBlob: 1,4 X colorBlob: 3,4 X colorBlob: 2,3 X colorBlob: 2,5 X , HazardSensor: , Arrived: No
X: 2, Y: 4, Direction: E, ColorBlobSensor: colorBlob: 1,4 X colorBlob: 3,4 X colorBlob: 2,3 X colorBlob: 2,5 X , HazardSensor: , Arrived: No
X: 2, Y: 4, Direction: S, ColorBlobSensor: colorBlob: 1,4 X colorBlob: 3,4 X colorBlob: 2,3 X colorBlob: 2,5 X , HazardSensor: , Arrived: No
X: 2, Y: 3, Direction: S, ColorBlobSensor: colorBlob: 1,3 X colorBlob: 3,3 X colorBlob: 2,2 O colorBlob: 2,4 X , HazardSensor: , Arrived: No
X: 2, Y: 2, Direction: S, ColorBlobSensor: colorBlob: 1,2 X colorBlob: 3,2 X colorBlob: 2,1 X colorBlob: 2,3 X , HazardSensor: , Arrived: No
X: 2, Y: 2, Direction: W, ColorBlobSensor: colorBlob: 1,2 X colorBlob: 3,2 X colorBlob: 2,1 X colorBlob: 2,3 X , HazardSensor: , Arrived: No
X: 1, Y: 2, Direction: W, ColorBlobSensor: colorBlob: 0,2 X colorBlob: 2,2 O colorBlob: 1,1 X colorBlob: 1,3 X , HazardSensor: , Arrived: Yes
X: 0, Y: 2, Direction: W, ColorBlobSensor: colorBlob: -1,2 X colorBlob: 1,2 X colorBlob: 0,1 X colorBlob: 0,3 X , HazardSensor: , Arrived: No
X: 0, Y: 2, Direction: N, ColorBlobSensor: colorBlob: -1,2 X colorBlob: 1,2 X colorBlob: 0,1 X colorBlob: 0,3 X , HazardSensor: , Arrived: No
X: 0, Y: 2, Direction: E, ColorBlobSensor: colorBlob: -1,2 X colorBlob: 1,2 X colorBlob: 0,1 X colorBlob: 0,3 X , HazardSensor: , Arrived: No
X: 0, Y: 2, Direction: S, ColorBlobSensor: colorBlob: -1,2 X colorBlob: 1,2 X colorBlob: 0,1 X colorBlob: 0,3 X , HazardSensor: , Arrived: No
X: 0, Y: 1, Direction: S, ColorBlobSensor: colorBlob: -1,1 X colorBlob: 1,1 X colorBlob: 0,0 X colorBlob: 0,2 X , HazardSensor: , Arrived: Yes
]]></system-out>
  <system-err><![CDATA[]]></system-err>
</testsuite>
